{"level":"http","message":"POST /api/v0.1/auth/login 200 508 - 219.303 ms","timestamp":"2025-08-10 15:28:45"}
{"level":"http","message":"GET /api-docs/ 304 - - 5.937 ms","timestamp":"2025-08-10 15:51:21"}
{"level":"http","message":"GET /api-docs/swagger-ui.css 304 - - 3.384 ms","timestamp":"2025-08-10 15:51:21"}
{"level":"http","message":"GET /api-docs/swagger-ui-bundle.js 304 - - 4.795 ms","timestamp":"2025-08-10 15:51:21"}
{"level":"http","message":"GET /api-docs/swagger-ui-standalone-preset.js 304 - - 0.762 ms","timestamp":"2025-08-10 15:51:21"}
{"level":"http","message":"GET /api-docs/swagger-ui-init.js 304 - - 0.546 ms","timestamp":"2025-08-10 15:51:21"}
{"level":"http","message":"GET /api-docs/favicon-32x32.png 304 - - 0.515 ms","timestamp":"2025-08-10 15:51:21"}
{"level":"http","message":"GET /api-docs/ 304 - - 1.466 ms","timestamp":"2025-08-10 15:51:30"}
{"level":"http","message":"GET /api-docs/swagger-ui.css 304 - - 1.189 ms","timestamp":"2025-08-10 15:51:30"}
{"level":"http","message":"GET /api-docs/swagger-ui-bundle.js 304 - - 0.975 ms","timestamp":"2025-08-10 15:51:30"}
{"level":"http","message":"GET /api-docs/swagger-ui-standalone-preset.js 304 - - 1.051 ms","timestamp":"2025-08-10 15:51:30"}
{"level":"http","message":"GET /api-docs/swagger-ui-init.js 304 - - 0.298 ms","timestamp":"2025-08-10 15:51:30"}
{"level":"http","message":"GET /api-docs/favicon-32x32.png 304 - - 0.324 ms","timestamp":"2025-08-10 15:51:30"}
{"level":"http","message":"GET /api-docs/ 304 - - 1.823 ms","timestamp":"2025-08-10 15:51:31"}
{"level":"http","message":"GET /api-docs/swagger-ui-init.js 304 - - 0.277 ms","timestamp":"2025-08-10 15:51:31"}
{"level":"http","message":"GET /api-docs/swagger-ui.css 304 - - 4.162 ms","timestamp":"2025-08-10 15:51:31"}
{"level":"http","message":"GET /api-docs/swagger-ui-bundle.js 304 - - 5.222 ms","timestamp":"2025-08-10 15:51:31"}
{"level":"http","message":"GET /api-docs/swagger-ui-standalone-preset.js 304 - - 6.682 ms","timestamp":"2025-08-10 15:51:31"}
{"level":"http","message":"GET /api-docs/favicon-32x32.png 304 - - 0.541 ms","timestamp":"2025-08-10 15:51:31"}
{"level":"http","message":"GET /api-docs/ 304 - - 1.083 ms","timestamp":"2025-08-10 15:51:31"}
{"level":"http","message":"GET /api-docs/swagger-ui.css 304 - - 0.620 ms","timestamp":"2025-08-10 15:51:31"}
{"level":"http","message":"GET /api-docs/swagger-ui-init.js 304 - - 0.308 ms","timestamp":"2025-08-10 15:51:31"}
{"level":"http","message":"GET /api-docs/swagger-ui-bundle.js 304 - - 2.628 ms","timestamp":"2025-08-10 15:51:31"}
{"level":"http","message":"GET /api-docs/swagger-ui-standalone-preset.js 304 - - 3.419 ms","timestamp":"2025-08-10 15:51:31"}
{"level":"http","message":"GET /api-docs/favicon-32x32.png 304 - - 0.370 ms","timestamp":"2025-08-10 15:51:31"}
{"level":"http","message":"GET /api-docs/ 304 - - 1.024 ms","timestamp":"2025-08-10 15:51:32"}
{"level":"http","message":"GET /api-docs/swagger-ui.css 304 - - 0.835 ms","timestamp":"2025-08-10 15:51:32"}
{"level":"http","message":"GET /api-docs/swagger-ui-init.js 304 - - 0.847 ms","timestamp":"2025-08-10 15:51:32"}
{"level":"http","message":"GET /api-docs/swagger-ui-bundle.js 304 - - 6.401 ms","timestamp":"2025-08-10 15:51:32"}
{"level":"http","message":"GET /api-docs/swagger-ui-standalone-preset.js 304 - - 8.465 ms","timestamp":"2025-08-10 15:51:32"}
{"level":"http","message":"GET /api-docs/favicon-32x32.png 304 - - 0.770 ms","timestamp":"2025-08-10 15:51:32"}
{"level":"http","message":"GET /api-docs/ 304 - - 1.039 ms","timestamp":"2025-08-10 15:52:09"}
{"level":"http","message":"GET /api-docs/swagger-ui.css 304 - - 1.862 ms","timestamp":"2025-08-10 15:52:09"}
{"level":"http","message":"GET /api-docs/swagger-ui-bundle.js 304 - - 3.293 ms","timestamp":"2025-08-10 15:52:09"}
{"level":"http","message":"GET /api-docs/swagger-ui-standalone-preset.js 304 - - 0.620 ms","timestamp":"2025-08-10 15:52:09"}
{"level":"http","message":"GET /api-docs/swagger-ui-init.js 304 - - 0.739 ms","timestamp":"2025-08-10 15:52:09"}
{"level":"http","message":"GET /api-docs/favicon-32x32.png 304 - - 0.318 ms","timestamp":"2025-08-10 15:52:09"}
{"level":"http","message":"GET /api-docs/ 304 - - 1.298 ms","timestamp":"2025-08-10 15:52:51"}
{"level":"http","message":"GET /api-docs/swagger-ui.css 304 - - 0.321 ms","timestamp":"2025-08-10 15:52:51"}
{"level":"http","message":"GET /api-docs/swagger-ui-bundle.js 304 - - 1.219 ms","timestamp":"2025-08-10 15:52:51"}
{"level":"http","message":"GET /api-docs/swagger-ui-standalone-preset.js 304 - - 1.592 ms","timestamp":"2025-08-10 15:52:51"}
{"level":"http","message":"GET /api-docs/swagger-ui-init.js 304 - - 0.277 ms","timestamp":"2025-08-10 15:52:51"}
{"level":"http","message":"GET /api-docs/favicon-32x32.png 304 - - 0.293 ms","timestamp":"2025-08-10 15:52:51"}
{"level":"http","message":"GET /api-docs/ 304 - - 0.730 ms","timestamp":"2025-08-10 15:53:36"}
{"level":"http","message":"GET /api-docs/swagger-ui.css 304 - - 0.955 ms","timestamp":"2025-08-10 15:53:36"}
{"level":"http","message":"GET /api-docs/swagger-ui-bundle.js 304 - - 1.842 ms","timestamp":"2025-08-10 15:53:36"}
{"level":"http","message":"GET /api-docs/swagger-ui-standalone-preset.js 304 - - 0.468 ms","timestamp":"2025-08-10 15:53:36"}
{"level":"http","message":"GET /api-docs/swagger-ui-init.js 304 - - 0.425 ms","timestamp":"2025-08-10 15:53:36"}
{"level":"http","message":"GET /api-docs/favicon-32x32.png 304 - - 0.341 ms","timestamp":"2025-08-10 15:53:36"}
{"level":"http","message":"GET /api-docs/ 304 - - 0.743 ms","timestamp":"2025-08-10 15:53:37"}
{"level":"http","message":"GET /api-docs/swagger-ui-init.js 304 - - 0.233 ms","timestamp":"2025-08-10 15:53:37"}
{"level":"http","message":"GET /api-docs/swagger-ui.css 304 - - 2.712 ms","timestamp":"2025-08-10 15:53:37"}
{"level":"http","message":"GET /api-docs/swagger-ui-bundle.js 304 - - 2.922 ms","timestamp":"2025-08-10 15:53:37"}
{"level":"http","message":"GET /api-docs/swagger-ui-standalone-preset.js 304 - - 3.632 ms","timestamp":"2025-08-10 15:53:37"}
{"level":"http","message":"GET /api-docs/favicon-32x32.png 304 - - 0.287 ms","timestamp":"2025-08-10 15:53:37"}
{"level":"http","message":"GET /api-docs/ 304 - - 6.566 ms","timestamp":"2025-08-10 15:53:46"}
{"level":"http","message":"GET /api-docs/swagger-ui.css 304 - - 4.586 ms","timestamp":"2025-08-10 15:53:47"}
{"level":"http","message":"GET /api-docs/swagger-ui-bundle.js 304 - - 4.498 ms","timestamp":"2025-08-10 15:53:47"}
{"level":"http","message":"GET /api-docs/swagger-ui-standalone-preset.js 304 - - 0.602 ms","timestamp":"2025-08-10 15:53:47"}
{"level":"http","message":"GET /api-docs/swagger-ui-init.js 200 6991 - 0.800 ms","timestamp":"2025-08-10 15:53:47"}
{"level":"http","message":"GET /api-docs/favicon-32x32.png 304 - - 0.848 ms","timestamp":"2025-08-10 15:53:47"}
{"level":"http","message":"POST /api/v0.1/auth/forget-password 401 902 - 8.302 ms","timestamp":"2025-08-10 15:54:27"}
{"level":"http","message":"POST /api/v0.1/auth/forget-password 200 66 - 1854.690 ms","timestamp":"2025-08-10 15:55:09"}
{"level":"http","message":"POST /api/v0.1/auth/forget-password 200 66 - 2182.307 ms","timestamp":"2025-08-10 16:05:22"}
{"level":"http","message":"GET /api-docs/ 304 - - 11.939 ms","timestamp":"2025-08-10 16:45:36"}
{"level":"http","message":"GET /api-docs/swagger-ui.css 304 - - 2.243 ms","timestamp":"2025-08-10 16:45:36"}
{"level":"http","message":"GET /api-docs/swagger-ui-bundle.js 304 - - 2.875 ms","timestamp":"2025-08-10 16:45:36"}
{"level":"http","message":"GET /api-docs/swagger-ui-standalone-preset.js 304 - - 0.874 ms","timestamp":"2025-08-10 16:45:36"}
{"level":"http","message":"GET /api-docs/swagger-ui-init.js 304 - - 0.491 ms","timestamp":"2025-08-10 16:45:36"}
{"level":"http","message":"GET /api-docs/swagger-ui-bundle.js 304 - - 0.490 ms","timestamp":"2025-08-10 16:45:36"}
{"level":"http","message":"GET /api-docs/swagger-ui-standalone-preset.js 304 - - 0.979 ms","timestamp":"2025-08-10 16:45:36"}
{"level":"http","message":"GET /api-docs/swagger-ui-init.js 200 6991 - 0.847 ms","timestamp":"2025-08-10 16:45:36"}
{"level":"http","message":"GET /api-docs/favicon-32x32.png 304 - - 0.960 ms","timestamp":"2025-08-10 16:45:37"}
{"level":"http","message":"GET /api-docs/ 304 - - 0.901 ms","timestamp":"2025-08-10 16:46:04"}
{"level":"http","message":"GET /api-docs/swagger-ui.css 304 - - 2.068 ms","timestamp":"2025-08-10 16:46:04"}
{"level":"http","message":"GET /api-docs/swagger-ui-bundle.js 304 - - 2.742 ms","timestamp":"2025-08-10 16:46:04"}
{"level":"http","message":"GET /api-docs/swagger-ui-standalone-preset.js 304 - - 0.929 ms","timestamp":"2025-08-10 16:46:04"}
{"level":"http","message":"GET /api-docs/swagger-ui-init.js 304 - - 0.669 ms","timestamp":"2025-08-10 16:46:04"}
{"level":"http","message":"GET /api-docs/swagger-ui-bundle.js 304 - - 0.694 ms","timestamp":"2025-08-10 16:46:04"}
{"level":"http","message":"GET /api-docs/swagger-ui-standalone-preset.js 304 - - 0.768 ms","timestamp":"2025-08-10 16:46:04"}
{"level":"http","message":"GET /api-docs/swagger-ui-init.js 304 - - 0.400 ms","timestamp":"2025-08-10 16:46:04"}
{"level":"http","message":"GET /api-docs/favicon-32x32.png 304 - - 0.975 ms","timestamp":"2025-08-10 16:46:04"}
{"level":"http","message":"GET /api-docs/ 304 - - 14.005 ms","timestamp":"2025-08-10 16:46:49"}
{"level":"http","message":"GET /api-docs/swagger-ui.css 304 - - 3.549 ms","timestamp":"2025-08-10 16:46:49"}
{"level":"http","message":"GET /api-docs/swagger-ui-bundle.js 304 - - 2.377 ms","timestamp":"2025-08-10 16:46:49"}
{"level":"http","message":"GET /api-docs/swagger-ui-standalone-preset.js 304 - - 1.909 ms","timestamp":"2025-08-10 16:46:49"}
{"level":"http","message":"GET /api-docs/swagger-ui-init.js 304 - - 1.034 ms","timestamp":"2025-08-10 16:46:49"}
{"level":"http","message":"GET /api-docs/favicon-32x32.png 304 - - 0.653 ms","timestamp":"2025-08-10 16:46:50"}
{"level":"http","message":"GET /api-docs/ 304 - - 1.768 ms","timestamp":"2025-08-10 16:47:40"}
{"level":"http","message":"GET /api-docs/swagger-ui.css 304 - - 1.775 ms","timestamp":"2025-08-10 16:47:40"}
{"level":"http","message":"GET /api-docs/swagger-ui-bundle.js 304 - - 1.983 ms","timestamp":"2025-08-10 16:47:40"}
{"level":"http","message":"GET /api-docs/swagger-ui-standalone-preset.js 304 - - 0.707 ms","timestamp":"2025-08-10 16:47:40"}
{"level":"http","message":"GET /api-docs/swagger-ui-init.js 304 - - 0.587 ms","timestamp":"2025-08-10 16:47:40"}
{"level":"http","message":"GET /api-docs/swagger-ui-bundle.js 304 - - 0.519 ms","timestamp":"2025-08-10 16:47:40"}
{"level":"http","message":"GET /api-docs/swagger-ui-standalone-preset.js 304 - - 0.649 ms","timestamp":"2025-08-10 16:47:40"}
{"level":"http","message":"GET /api-docs/swagger-ui-init.js 304 - - 0.781 ms","timestamp":"2025-08-10 16:47:40"}
{"level":"http","message":"GET /api-docs/favicon-32x32.png 304 - - 0.443 ms","timestamp":"2025-08-10 16:47:40"}
{"level":"http","message":"GET /api-docs/ 304 - - 5.227 ms","timestamp":"2025-08-10 16:47:48"}
{"level":"http","message":"GET /api-docs/swagger-ui.css 304 - - 4.125 ms","timestamp":"2025-08-10 16:47:48"}
{"level":"http","message":"GET /api-docs/swagger-ui-bundle.js 304 - - 3.931 ms","timestamp":"2025-08-10 16:47:48"}
{"level":"http","message":"GET /api-docs/swagger-ui-standalone-preset.js 304 - - 0.715 ms","timestamp":"2025-08-10 16:47:48"}
{"level":"http","message":"GET /api-docs/swagger-ui-init.js 200 9825 - 0.743 ms","timestamp":"2025-08-10 16:47:48"}
{"level":"http","message":"GET /api-docs/swagger-ui-bundle.js 304 - - 0.455 ms","timestamp":"2025-08-10 16:47:48"}
{"level":"http","message":"GET /api-docs/swagger-ui-standalone-preset.js 304 - - 0.954 ms","timestamp":"2025-08-10 16:47:48"}
{"level":"http","message":"GET /api-docs/swagger-ui-init.js 200 9825 - 0.406 ms","timestamp":"2025-08-10 16:47:48"}
{"level":"http","message":"GET /api-docs/favicon-32x32.png 304 - - 0.802 ms","timestamp":"2025-08-10 16:47:48"}
{"level":"http","message":"GET /api-docs/ 304 - - 2.286 ms","timestamp":"2025-08-10 17:18:19"}
{"level":"http","message":"POST /api/v0.1/auth/reset-password - - - - ms","timestamp":"2025-08-10 17:18:19"}
{"level":"http","message":"GET /api-docs/swagger-ui.css 304 - - 0.784 ms","timestamp":"2025-08-10 17:18:19"}
{"level":"http","message":"GET /api-docs/swagger-ui-bundle.js 304 - - 1.670 ms","timestamp":"2025-08-10 17:18:19"}
{"level":"http","message":"GET /api-docs/swagger-ui-standalone-preset.js 304 - - 2.624 ms","timestamp":"2025-08-10 17:18:19"}
{"level":"http","message":"GET /api-docs/swagger-ui-init.js 304 - - 0.449 ms","timestamp":"2025-08-10 17:18:19"}
{"level":"http","message":"GET /api-docs/swagger-ui-standalone-preset.js 304 - - 0.726 ms","timestamp":"2025-08-10 17:18:19"}
{"level":"http","message":"GET /api-docs/favicon-32x32.png 304 - - 0.883 ms","timestamp":"2025-08-10 17:18:19"}
{"level":"http","message":"POST /api/v0.1/auth/forget-password 200 52 - 1656.420 ms","timestamp":"2025-08-10 17:20:13"}
{"level":"http","message":"GET /api-docs/ 304 - - 1.134 ms","timestamp":"2025-08-10 17:20:54"}
{"level":"http","message":"POST /api/v0.1/auth/reset-password - - - - ms","timestamp":"2025-08-10 17:20:54"}
{"level":"http","message":"GET /api-docs/swagger-ui.css 304 - - 1.424 ms","timestamp":"2025-08-10 17:20:54"}
{"level":"http","message":"GET /api-docs/swagger-ui-bundle.js 304 - - 0.699 ms","timestamp":"2025-08-10 17:20:54"}
{"level":"http","message":"GET /api-docs/swagger-ui-standalone-preset.js 304 - - 0.585 ms","timestamp":"2025-08-10 17:20:54"}
{"level":"http","message":"GET /api-docs/swagger-ui-init.js 304 - - 0.370 ms","timestamp":"2025-08-10 17:20:54"}
{"level":"http","message":"GET /api-docs/favicon-32x32.png 304 - - 0.629 ms","timestamp":"2025-08-10 17:20:54"}
{"level":"http","message":"POST /api/v0.1/auth/reset-password 200 43 - 75.796 ms","timestamp":"2025-08-10 17:21:00"}
{"level":"http","message":"POST /api/v0.1/auth/login 400 31 - 112.009 ms","timestamp":"2025-08-10 17:27:36"}
